build/app/outputs/mapping/release/seeds.txt
com.google.android.gms.internal.measurement.zzgc$zzi: int zzi
com.dexterous.flutterlocalnotifications.models.NotificationDetails: java.lang.Long calledAt
com.dexterous.flutterlocalnotifications.models.NotificationDetails: java.lang.String PLATFORM_SPECIFICS
com.google.android.gms.internal.measurement.zzfw$zzc: com.google.android.gms.internal.measurement.zzfw$zzd zzg
com.google.android.gms.location.LocationRequest: android.os.Parcelable$Creator CREATOR
io.flutter.embedding.engine.renderer.FlutterRenderer$ImageReaderSurfaceProducer: boolean CLEANUP_ON_MEMORY_PRESSURE
com.google.android.gms.location.LocationAvailability: android.os.Parcelable$Creator CREATOR
com.google.android.gms.internal.measurement.zzgc$zzd: com.google.android.gms.internal.measurement.zzlz zzd
com.google.android.gms.internal.measurement.zzgf$zzg: java.lang.String zzf
com.dexterous.flutterlocalnotifications.models.NotificationDetails: java.lang.Boolean fullScreenIntent
com.dexterous.flutterlocalnotifications.models.NotificationDetails: java.lang.Boolean silent
org.chromium.support_lib_boundary.WebSettingsBoundaryInterface$WebViewMediaIntegrityApiStatus: int ENABLED
com.dexterous.flutterlocalnotifications.models.RepeatInterval: com.dexterous.flutterlocalnotifications.models.RepeatInterval EveryMinute
com.dexterous.flutterlocalnotifications.models.NotificationDetails: java.lang.String tag
com.google.android.gms.internal.measurement.zzgr$zzb: int zze
androidx.media3.container.Mp4LocationData: android.os.Parcelable$Creator CREATOR
io.flutter.embedding.engine.renderer.FlutterRenderer$ImageReaderSurfaceProducer: boolean VERBOSE_LOGS
com.dexterous.flutterlocalnotifications.models.NotificationDetails: java.lang.String MILLISECONDS_SINCE_EPOCH
com.dexterous.flutterlocalnotifications.models.PersonDetails: java.lang.String uri
com.dexterous.flutterlocalnotifications.FlutterLocalNotificationsPlugin: java.lang.String GET_ACTIVE_NOTIFICATION_MESSAGING_STYLE_METHOD
com.dexterous.flutterlocalnotifications.models.NotificationDetails: java.lang.Boolean colorized
androidx.media3.extractor.metadata.dvbsi.AppInfoTable: android.os.Parcelable$Creator CREATOR
com.dexterous.flutterlocalnotifications.FlutterLocalNotificationsPlugin: java.lang.String PERIODICALLY_SHOW_WITH_DURATION
com.dexterous.flutterlocalnotifications.models.NotificationChannelDetails: java.lang.Boolean showBadge
android.support.v4.media.RatingCompat: android.os.Parcelable$Creator CREATOR
com.google.android.gms.measurement.internal.zzp: android.os.Parcelable$Creator CREATOR
io.flutter.embedding.engine.renderer.SurfaceTextureWrapper: android.graphics.SurfaceTexture surfaceTexture
io.flutter.embedding.engine.renderer.SurfaceTextureWrapper: java.lang.Runnable onFrameConsumed
com.dexterous.flutterlocalnotifications.models.NotificationDetails: java.lang.Boolean ongoing
com.google.android.gms.internal.measurement.zzfw$zza: com.google.android.gms.internal.measurement.zzkm zzg
com.google.android.gms.maps.model.StreetViewPanoramaLink: android.os.Parcelable$Creator CREATOR
com.dexterous.flutterlocalnotifications.models.NotificationStyle: com.dexterous.flutterlocalnotifications.models.NotificationStyle Default
androidx.media3.extractor.metadata.flac.PictureFrame: android.os.Parcelable$Creator CREATOR
com.dexterous.flutterlocalnotifications.models.NotificationDetails: java.lang.String REPEAT_INTERVAL
com.dexterous.flutterlocalnotifications.FlutterLocalNotificationsPlugin: java.lang.String SCHEDULED_NOTIFICATIONS
com.dexterous.flutterlocalnotifications.models.NotificationDetails: java.lang.String timeZoneName
com.dexterous.flutterlocalnotifications.FlutterLocalNotificationsPlugin: java.lang.String CANCEL_ALL_METHOD
com.google.android.gms.internal.measurement.zzgc$zza$zzc: com.google.android.gms.internal.measurement.zzgc$zza$zzc zzc
kotlinx.coroutines.channels.BufferedChannel: java.lang.Object _closeCause
com.google.android.gms.internal.measurement.zzgf$zzk: java.lang.String zzbf