build/app/outputs/mapping/release/mapping.txt
# compiler: R8
# compiler_version: 8.1.56
# min_api: 23
# common_typos_disable
# {"id":"com.android.tools.r8.mapping","version":"2.2"}
# pg_map_id: b6fa7a2
# pg_map_hash: SHA-256 b6fa7a2bd7ce00139e9a1231ecc7a31d380fcd7f4d6b40c74dbf864c7bb3f046
...
androidx.window.core.Logger -> j3.g:
    void debug(java.lang.String,java.lang.String) -> a
androidx.window.core.SpecificationComputer -> j3.h:
    androidx.window.core.SpecificationComputer$Companion Companion -> a
    1:1:void <clinit>():0:0 -> <clinit>
    void <init>() -> <init>
    java.lang.Object compute() -> a
    1:1:java.lang.String createMessage(java.lang.Object,java.lang.String):0:0 -> b
    androidx.window.core.SpecificationComputer require(java.lang.String,kotlin.jvm.functions.Function1) -> c
      # {"id":"com.android.tools.r8.residualsignature","signature":"(Ljava/lang/String;Lca/l;)Lj3/h;"}
androidx.window.core.SpecificationComputer$Companion -> j3.h$a:
    void <init>() -> <init>
    1:1:void <init>(kotlin.jvm.internal.DefaultConstructorMarker):0:0 -> <init>
      # {"id":"com.android.tools.r8.residualsignature","signature":"(Lda/g;)V"}
    1:1:androidx.window.core.SpecificationComputer startSpecification(java.lang.Object,java.lang.String,androidx.window.core.VerificationMode,androidx.window.core.Logger):0:0 -> a
      # {"id":"com.android.tools.r8.residualsignature","signature":"(Ljava/lang/Object;Ljava/lang/String;Lj3/j;Lj3/g;)Lj3/h;"}
    1:1:androidx.window.core.SpecificationComputer startSpecification$default(androidx.window.core.SpecificationComputer$Companion,java.lang.Object,java.lang.String,androidx.window.core.VerificationMode,androidx.window.core.Logger,int,java.lang.Object):0:0 -> b
      # {"id":"com.android.tools.r8.residualsignature","signature":"(Lj3/h$a;Ljava/lang/Object;Ljava/lang/String;Lj3/j;Lj3/g;ILjava/lang/Object;)Lj3/h;"}
androidx.window.core.ValidSpecification -> j3.i:
    java.lang.Object value -> b
    java.lang.String tag -> c
    androidx.window.core.VerificationMode verificationMode -> d
    androidx.window.core.Logger logger -> e
    1:1:void <init>(java.lang.Object,java.lang.String,androidx.window.core.VerificationMode,androidx.window.core.Logger):0:0 -> <init>
      # {"id":"com.android.tools.r8.residualsignature","signature":"(Ljava/lang/Object;Ljava/lang/String;Lj3/j;Lj3/g;)V"}
    1:1:java.lang.Object compute():0:0 -> a
    1:1:androidx.window.core.SpecificationComputer require(java.lang.String,kotlin.jvm.functions.Function1):0:0 -> c
      # {"id":"com.android.tools.r8.residualsignature","signature":"(Ljava/lang/String;Lca/l;)Lj3/h;"}
androidx.window.core.VerificationMode -> j3.j:
    androidx.window.core.VerificationMode STRICT -> o
    androidx.window.core.VerificationMode LOG -> p
    androidx.window.core.VerificationMode QUIET -> q
    androidx.window.core.VerificationMode[] $VALUES -> r
    1:1:void <clinit>():0:0 -> <clinit>
    1:1:void <init>(java.lang.String,int):0:0 -> <init>
    1:1:androidx.window.core.VerificationMode[] $values():0:0 -> f
      # {"id":"com.android.tools.r8.residualsignature","signature":"()[Lj3/j;"}
    1:1:androidx.window.core.VerificationMode valueOf(java.lang.String):0:0 -> valueOf
      # {"id":"com.android.tools.r8.residualsignature","signature":"(Ljava/lang/String;)Lj3/j;"}
    1:1:androidx.window.core.VerificationMode[] values():0:0 -> values
      # {"id":"com.android.tools.r8.residualsignature","signature":"()[Lj3/j;"}